[02-Apr-2026 23:07:06 Europe/Berlin] Booking #24 email status: {"user_sent":false,"admin_sent":false,"errors":[]}
[03-Apr-2026 09:35:55 Europe/Berlin] PHP Fatal error:  Uncaught PDOException: SQLSTATE[HY000] [2002] No connection could be made because the target machine actively refused it in C:\xampp\htdocs\CSNexplore2.0\php\database.php:13
Stack trace:
#0 C:\xampp\htdocs\CSNexplore2.0\php\database.php(13): PDO->__construct('mysql:host=loca...', 'root', Object(SensitiveParameterValue))
#1 C:\xampp\htdocs\CSNexplore2.0\php\database.php(20): Database->__construct()
#2 C:\xampp\htdocs\CSNexplore2.0\php\config.php(68): Database::getInstance()
#3 C:\xampp\htdocs\CSNexplore2.0\index.php(6): getDB()
#4 {main}
  thrown in C:\xampp\htdocs\CSNexplore2.0\php\database.php on line 13
[03-Apr-2026 09:36:12 Europe/Berlin] PHP Fatal error:  Uncaught PDOException: SQLSTATE[HY000] [2002] No connection could be made because the target machine actively refused it in C:\xampp\htdocs\CSNexplore2.0\php\database.php:13
Stack trace:
#0 C:\xampp\htdocs\CSNexplore2.0\php\database.php(13): PDO->__construct('mysql:host=loca...', 'root', Object(SensitiveParameterValue))
#1 C:\xampp\htdocs\CSNexplore2.0\php\database.php(20): Database->__construct()
#2 C:\xampp\htdocs\CSNexplore2.0\php\config.php(68): Database::getInstance()
#3 C:\xampp\htdocs\CSNexplore2.0\index.php(6): getDB()
#4 {main}
  thrown in C:\xampp\htdocs\CSNexplore2.0\php\database.php on line 13
[03-Apr-2026 07:36:28 UTC] PHP Fatal error:  Uncaught PDOException: SQLSTATE[HY000] [2002] No connection could be made because the target machine actively refused it in C:\xampp\htdocs\CSNexplore2.0\php\database.php:13
Stack trace:
#0 C:\xampp\htdocs\CSNexplore2.0\php\database.php(13): PDO->__construct()
#1 C:\xampp\htdocs\CSNexplore2.0\php\database.php(20): Database->__construct()
#2 C:\xampp\htdocs\CSNexplore2.0\php\config.php(68): Database::getInstance()
#3 C:\xampp\htdocs\CSNexplore2.0\index.php(6): getDB()
#4 {main}
  thrown in C:\xampp\htdocs\CSNexplore2.0\php\database.php on line 13
[03-Apr-2026 08:59:37 UTC] PHP Fatal error:  Uncaught Error: Call to undefined function mb_strimwidth() in C:\xampp\htdocs\CSNexplore2.0\php\api\generate_html.php:361
Stack trace:
#0 {main}
  thrown in C:\xampp\htdocs\CSNexplore2.0\php\api\generate_html.php on line 361
[03-Apr-2026 08:59:45 UTC] PHP Fatal error:  Uncaught Error: Call to undefined function mb_strimwidth() in C:\xampp\htdocs\CSNexplore2.0\php\api\generate_html.php:361
Stack trace:
#0 {main}
  thrown in C:\xampp\htdocs\CSNexplore2.0\php\api\generate_html.php on line 361
[03-Apr-2026 09:00:42 UTC] PHP Fatal error:  Uncaught Error: Call to undefined function mb_strimwidth() in C:\xampp\htdocs\CSNexplore2.0\php\api\generate_html.php:361
Stack trace:
#0 Command line code(1): require()
#1 {main}
  thrown in C:\xampp\htdocs\CSNexplore2.0\php\api\generate_html.php on line 361
[03-Apr-2026 17:02:26 Europe/Berlin] PHP Fatal error:  Uncaught PDOException: SQLSTATE[HY000] [2002] No connection could be made because the target machine actively refused it in C:\xampp\htdocs\CSNexplore2.0\php\database.php:13
Stack trace:
#0 C:\xampp\htdocs\CSNexplore2.0\php\database.php(13): PDO->__construct('mysql:host=loca...', 'root', Object(SensitiveParameterValue))
#1 C:\xampp\htdocs\CSNexplore2.0\php\database.php(20): Database->__construct()
#2 C:\xampp\htdocs\CSNexplore2.0\php\config.php(68): Database::getInstance()
#3 C:\xampp\htdocs\CSNexplore2.0\listing.php(10): getDB()
#4 {main}
  thrown in C:\xampp\htdocs\CSNexplore2.0\php\database.php on line 13
[03-Apr-2026 17:02:33 Europe/Berlin] PHP Fatal error:  Uncaught PDOException: SQLSTATE[HY000] [2002] No connection could be made because the target machine actively refused it in C:\xampp\htdocs\CSNexplore2.0\php\database.php:13
Stack trace:
#0 C:\xampp\htdocs\CSNexplore2.0\php\database.php(13): PDO->__construct('mysql:host=loca...', 'root', Object(SensitiveParameterValue))
#1 C:\xampp\htdocs\CSNexplore2.0\php\database.php(20): Database->__construct()
#2 C:\xampp\htdocs\CSNexplore2.0\php\config.php(68): Database::getInstance()
#3 C:\xampp\htdocs\CSNexplore2.0\listing.php(10): getDB()
#4 {main}
  thrown in C:\xampp\htdocs\CSNexplore2.0\php\database.php on line 13
[03-Apr-2026 17:02:39 Europe/Berlin] PHP Fatal error:  Uncaught PDOException: SQLSTATE[HY000] [2002] No connection could be made because the target machine actively refused it in C:\xampp\htdocs\CSNexplore2.0\php\database.php:13
Stack trace:
#0 C:\xampp\htdocs\CSNexplore2.0\php\database.php(13): PDO->__construct('mysql:host=loca...', 'root', Object(SensitiveParameterValue))
#1 C:\xampp\htdocs\CSNexplore2.0\php\database.php(20): Database->__construct()
#2 C:\xampp\htdocs\CSNexplore2.0\php\config.php(68): Database::getInstance()
#3 C:\xampp\htdocs\CSNexplore2.0\index.php(6): getDB()
#4 {main}
  thrown in C:\xampp\htdocs\CSNexplore2.0\php\database.php on line 13
[03-Apr-2026 21:32:29 Europe/Berlin] PHP Parse error:  syntax error, unexpected token "\" in C:\xampp\htdocs\CSNexplore2.0\php\database.php on line 210
[03-Apr-2026 23:16:35 Europe/Berlin] PHP Fatal error:  Uncaught PDOException: SQLSTATE[42000]: Syntax error or access violation: 1064 You have an error in your SQL syntax; check the manual that corresponds to your MariaDB server version for the right syntax to use near ''3'' at line 6 in C:\xampp\htdocs\CSNexplore2.0\php\database.php:244
Stack trace:
#0 C:\xampp\htdocs\CSNexplore2.0\php\database.php(244): PDOStatement->execute(Array)
#1 C:\xampp\htdocs\CSNexplore2.0\php\database.php(249): Database->query('\r\n        SELEC...', Array)
#2 C:\xampp\htdocs\CSNexplore2.0\php\api\vendor-rooms.php(45): Database->fetchAll('\r\n        SELEC...', Array)
#3 {main}
  thrown in C:\xampp\htdocs\CSNexplore2.0\php\database.php on line 244
[03-Apr-2026 23:16:35 Europe/Berlin] PHP Fatal error:  Uncaught PDOException: SQLSTATE[42000]: Syntax error or access violation: 1064 You have an error in your SQL syntax; check the manual that corresponds to your MariaDB server version for the right syntax to use near ''3'' at line 4 in C:\xampp\htdocs\CSNexplore2.0\php\database.php:244
Stack trace:
#0 C:\xampp\htdocs\CSNexplore2.0\php\database.php(244): PDOStatement->execute(Array)
#1 C:\xampp\htdocs\CSNexplore2.0\php\database.php(249): Database->query('\r\n        SELEC...', Array)
#2 C:\xampp\htdocs\CSNexplore2.0\php\api\vendor-cars.php(45): Database->fetchAll('\r\n        SELEC...', Array)
#3 {main}
  thrown in C:\xampp\htdocs\CSNexplore2.0\php\database.php on line 244
[03-Apr-2026 23:16:49 Europe/Berlin] PHP Fatal error:  Uncaught PDOException: SQLSTATE[42000]: Syntax error or access violation: 1064 You have an error in your SQL syntax; check the manual that corresponds to your MariaDB server version for the right syntax to use near ''100'' at line 6 in C:\xampp\htdocs\CSNexplore2.0\php\database.php:244
Stack trace:
#0 C:\xampp\htdocs\CSNexplore2.0\php\database.php(244): PDOStatement->execute(Array)
#1 C:\xampp\htdocs\CSNexplore2.0\php\database.php(249): Database->query('\r\n        SELEC...', Array)
#2 C:\xampp\htdocs\CSNexplore2.0\php\api\vendor-rooms.php(45): Database->fetchAll('\r\n        SELEC...', Array)
#3 {main}
  thrown in C:\xampp\htdocs\CSNexplore2.0\php\database.php on line 244
[03-Apr-2026 23:17:00 Europe/Berlin] PHP Fatal error:  Uncaught PDOException: SQLSTATE[42000]: Syntax error or access violation: 1064 You have an error in your SQL syntax; check the manual that corresponds to your MariaDB server version for the right syntax to use near ''100'' at line 4 in C:\xampp\htdocs\CSNexplore2.0\php\database.php:244
Stack trace:
#0 C:\xampp\htdocs\CSNexplore2.0\php\database.php(244): PDOStatement->execute(Array)
#1 C:\xampp\htdocs\CSNexplore2.0\php\database.php(249): Database->query('\r\n        SELEC...', Array)
#2 C:\xampp\htdocs\CSNexplore2.0\php\api\vendor-cars.php(45): Database->fetchAll('\r\n        SELEC...', Array)
#3 {main}
  thrown in C:\xampp\htdocs\CSNexplore2.0\php\database.php on line 244
[03-Apr-2026 23:17:19 Europe/Berlin] PHP Fatal error:  Uncaught PDOException: SQLSTATE[42000]: Syntax error or access violation: 1064 You have an error in your SQL syntax; check the manual that corresponds to your MariaDB server version for the right syntax to use near ''100'' at line 4 in C:\xampp\htdocs\CSNexplore2.0\php\database.php:244
Stack trace:
#0 C:\xampp\htdocs\CSNexplore2.0\php\database.php(244): PDOStatement->execute(Array)
#1 C:\xampp\htdocs\CSNexplore2.0\php\database.php(249): Database->query('\r\n        SELEC...', Array)
#2 C:\xampp\htdocs\CSNexplore2.0\php\api\vendor-cars.php(45): Database->fetchAll('\r\n        SELEC...', Array)
#3 {main}
  thrown in C:\xampp\htdocs\CSNexplore2.0\php\database.php on line 244
[03-Apr-2026 23:17:32 Europe/Berlin] PHP Fatal error:  Uncaught PDOException: SQLSTATE[42000]: Syntax error or access violation: 1064 You have an error in your SQL syntax; check the manual that corresponds to your MariaDB server version for the right syntax to use near ''100'' at line 6 in C:\xampp\htdocs\CSNexplore2.0\php\database.php:244
Stack trace:
#0 C:\xampp\htdocs\CSNexplore2.0\php\database.php(244): PDOStatement->execute(Array)
#1 C:\xampp\htdocs\CSNexplore2.0\php\database.php(249): Database->query('\r\n        SELEC...', Array)
#2 C:\xampp\htdocs\CSNexplore2.0\php\api\vendor-rooms.php(45): Database->fetchAll('\r\n        SELEC...', Array)
#3 {main}
  thrown in C:\xampp\htdocs\CSNexplore2.0\php\database.php on line 244
[03-Apr-2026 23:34:19 Europe/Berlin] PHP Fatal error:  Uncaught PDOException: SQLSTATE[HY093]: Invalid parameter number: mixed named and positional parameters in C:\xampp\htdocs\CSNexplore2.0\php\database.php:244
Stack trace:
#0 C:\xampp\htdocs\CSNexplore2.0\php\database.php(244): PDOStatement->execute(Array)
#1 C:\xampp\htdocs\CSNexplore2.0\php\database.php(271): Database->query('UPDATE stays SE...', Array)
#2 C:\xampp\htdocs\CSNexplore2.0\php\api\vendor-stays.php(123): Database->update('stays', Array, 'id = ?', Array)
#3 {main}
  thrown in C:\xampp\htdocs\CSNexplore2.0\php\database.php on line 244
[04-Apr-2026 03:21:58 Europe/Berlin] PHP Fatal error:  Uncaught PDOException: SQLSTATE[HY093]: Invalid parameter number: mixed named and positional parameters in C:\xampp\htdocs\CSNexplore2.0\php\database.php:244
Stack trace:
#0 C:\xampp\htdocs\CSNexplore2.0\php\database.php(244): PDOStatement->execute(Array)
#1 C:\xampp\htdocs\CSNexplore2.0\php\database.php(271): Database->query('UPDATE rooms SE...', Array)
#2 C:\xampp\htdocs\CSNexplore2.0\php\api\vendor-rooms.php(193): Database->update('rooms', Array, 'id = ?', Array)
#3 {main}
  thrown in C:\xampp\htdocs\CSNexplore2.0\php\database.php on line 244
[04-Apr-2026 03:22:00 Europe/Berlin] PHP Fatal error:  Uncaught PDOException: SQLSTATE[HY093]: Invalid parameter number: mixed named and positional parameters in C:\xampp\htdocs\CSNexplore2.0\php\database.php:244
Stack trace:
#0 C:\xampp\htdocs\CSNexplore2.0\php\database.php(244): PDOStatement->execute(Array)
#1 C:\xampp\htdocs\CSNexplore2.0\php\database.php(271): Database->query('UPDATE rooms SE...', Array)
#2 C:\xampp\htdocs\CSNexplore2.0\php\api\vendor-rooms.php(193): Database->update('rooms', Array, 'id = ?', Array)
#3 {main}
  thrown in C:\xampp\htdocs\CSNexplore2.0\php\database.php on line 244
[04-Apr-2026 03:22:01 Europe/Berlin] PHP Fatal error:  Uncaught PDOException: SQLSTATE[HY093]: Invalid parameter number: mixed named and positional parameters in C:\xampp\htdocs\CSNexplore2.0\php\database.php:244
Stack trace:
#0 C:\xampp\htdocs\CSNexplore2.0\php\database.php(244): PDOStatement->execute(Array)
#1 C:\xampp\htdocs\CSNexplore2.0\php\database.php(271): Database->query('UPDATE rooms SE...', Array)
#2 C:\xampp\htdocs\CSNexplore2.0\php\api\vendor-rooms.php(193): Database->update('rooms', Array, 'id = ?', Array)
#3 {main}
  thrown in C:\xampp\htdocs\CSNexplore2.0\php\database.php on line 244
[04-Apr-2026 03:22:01 Europe/Berlin] PHP Fatal error:  Uncaught PDOException: SQLSTATE[HY093]: Invalid parameter number: mixed named and positional parameters in C:\xampp\htdocs\CSNexplore2.0\php\database.php:244
Stack trace:
#0 C:\xampp\htdocs\CSNexplore2.0\php\database.php(244): PDOStatement->execute(Array)
#1 C:\xampp\htdocs\CSNexplore2.0\php\database.php(271): Database->query('UPDATE rooms SE...', Array)
#2 C:\xampp\htdocs\CSNexplore2.0\php\api\vendor-rooms.php(193): Database->update('rooms', Array, 'id = ?', Array)
#3 {main}
  thrown in C:\xampp\htdocs\CSNexplore2.0\php\database.php on line 244
[04-Apr-2026 03:22:01 Europe/Berlin] PHP Fatal error:  Uncaught PDOException: SQLSTATE[HY093]: Invalid parameter number: mixed named and positional parameters in C:\xampp\htdocs\CSNexplore2.0\php\database.php:244
Stack trace:
#0 C:\xampp\htdocs\CSNexplore2.0\php\database.php(244): PDOStatement->execute(Array)
#1 C:\xampp\htdocs\CSNexplore2.0\php\database.php(271): Database->query('UPDATE rooms SE...', Array)
#2 C:\xampp\htdocs\CSNexplore2.0\php\api\vendor-rooms.php(193): Database->update('rooms', Array, 'id = ?', Array)
#3 {main}
  thrown in C:\xampp\htdocs\CSNexplore2.0\php\database.php on line 244
[04-Apr-2026 03:22:02 Europe/Berlin] PHP Fatal error:  Uncaught PDOException: SQLSTATE[HY093]: Invalid parameter number: mixed named and positional parameters in C:\xampp\htdocs\CSNexplore2.0\php\database.php:244
Stack trace:
#0 C:\xampp\htdocs\CSNexplore2.0\php\database.php(244): PDOStatement->execute(Array)
#1 C:\xampp\htdocs\CSNexplore2.0\php\database.php(271): Database->query('UPDATE rooms SE...', Array)
#2 C:\xampp\htdocs\CSNexplore2.0\php\api\vendor-rooms.php(193): Database->update('rooms', Array, 'id = ?', Array)
#3 {main}
  thrown in C:\xampp\htdocs\CSNexplore2.0\php\database.php on line 244
[04-Apr-2026 03:22:02 Europe/Berlin] PHP Fatal error:  Uncaught PDOException: SQLSTATE[HY093]: Invalid parameter number: mixed named and positional parameters in C:\xampp\htdocs\CSNexplore2.0\php\database.php:244
Stack trace:
#0 C:\xampp\htdocs\CSNexplore2.0\php\database.php(244): PDOStatement->execute(Array)
#1 C:\xampp\htdocs\CSNexplore2.0\php\database.php(271): Database->query('UPDATE rooms SE...', Array)
#2 C:\xampp\htdocs\CSNexplore2.0\php\api\vendor-rooms.php(193): Database->update('rooms', Array, 'id = ?', Array)
#3 {main}
  thrown in C:\xampp\htdocs\CSNexplore2.0\php\database.php on line 244
[04-Apr-2026 03:22:07 Europe/Berlin] PHP Fatal error:  Uncaught PDOException: SQLSTATE[HY093]: Invalid parameter number: mixed named and positional parameters in C:\xampp\htdocs\CSNexplore2.0\php\database.php:244
Stack trace:
#0 C:\xampp\htdocs\CSNexplore2.0\php\database.php(244): PDOStatement->execute(Array)
#1 C:\xampp\htdocs\CSNexplore2.0\php\database.php(271): Database->query('UPDATE rooms SE...', Array)
#2 C:\xampp\htdocs\CSNexplore2.0\php\api\vendor-rooms.php(193): Database->update('rooms', Array, 'id = ?', Array)
#3 {main}
  thrown in C:\xampp\htdocs\CSNexplore2.0\php\database.php on line 244
[04-Apr-2026 03:22:07 Europe/Berlin] PHP Fatal error:  Uncaught PDOException: SQLSTATE[HY093]: Invalid parameter number: mixed named and positional parameters in C:\xampp\htdocs\CSNexplore2.0\php\database.php:244
Stack trace:
#0 C:\xampp\htdocs\CSNexplore2.0\php\database.php(244): PDOStatement->execute(Array)
#1 C:\xampp\htdocs\CSNexplore2.0\php\database.php(271): Database->query('UPDATE rooms SE...', Array)
#2 C:\xampp\htdocs\CSNexplore2.0\php\api\vendor-rooms.php(193): Database->update('rooms', Array, 'id = ?', Array)
#3 {main}
  thrown in C:\xampp\htdocs\CSNexplore2.0\php\database.php on line 244
[04-Apr-2026 03:22:07 Europe/Berlin] PHP Fatal error:  Uncaught PDOException: SQLSTATE[HY093]: Invalid parameter number: mixed named and positional parameters in C:\xampp\htdocs\CSNexplore2.0\php\database.php:244
Stack trace:
#0 C:\xampp\htdocs\CSNexplore2.0\php\database.php(244): PDOStatement->execute(Array)
#1 C:\xampp\htdocs\CSNexplore2.0\php\database.php(271): Database->query('UPDATE rooms SE...', Array)
#2 C:\xampp\htdocs\CSNexplore2.0\php\api\vendor-rooms.php(193): Database->update('rooms', Array, 'id = ?', Array)
#3 {main}
  thrown in C:\xampp\htdocs\CSNexplore2.0\php\database.php on line 244
[04-Apr-2026 03:22:08 Europe/Berlin] PHP Fatal error:  Uncaught PDOException: SQLSTATE[HY093]: Invalid parameter number: mixed named and positional parameters in C:\xampp\htdocs\CSNexplore2.0\php\database.php:244
Stack trace:
#0 C:\xampp\htdocs\CSNexplore2.0\php\database.php(244): PDOStatement->execute(Array)
#1 C:\xampp\htdocs\CSNexplore2.0\php\database.php(271): Database->query('UPDATE rooms SE...', Array)
#2 C:\xampp\htdocs\CSNexplore2.0\php\api\vendor-rooms.php(193): Database->update('rooms', Array, 'id = ?', Array)
#3 {main}
  thrown in C:\xampp\htdocs\CSNexplore2.0\php\database.php on line 244
[04-Apr-2026 08:23:51 UTC] PHP Fatal error:  Uncaught Error: Call to undefined method Database::execute() in C:\xampp\htdocs\CSNexplore2.0\php\api\add-map-embed-column.php:15
Stack trace:
#0 {main}
  thrown in C:\xampp\htdocs\CSNexplore2.0\php\api\add-map-embed-column.php on line 15
[04-Apr-2026 08:29:10 UTC] PHP Fatal error:  Uncaught Error: Call to undefined method Database::execute() in C:\xampp\htdocs\CSNexplore2.0\php\api\add-default-maps.php:13
Stack trace:
#0 {main}
  thrown in C:\xampp\htdocs\CSNexplore2.0\php\api\add-default-maps.php on line 13
[04-Apr-2026 08:30:45 UTC] PHP Fatal error:  Uncaught Error: Call to undefined method Database::execute() in C:\xampp\htdocs\CSNexplore2.0\php\check-map-column.php:14
Stack trace:
#0 {main}
  thrown in C:\xampp\htdocs\CSNexplore2.0\php\check-map-column.php on line 14
[04-Apr-2026 08:31:03 UTC] PHP Fatal error:  Uncaught Error: Call to undefined method Database::execute() in C:\xampp\htdocs\CSNexplore2.0\php\api\add-default-maps.php:13
Stack trace:
#0 {main}
  thrown in C:\xampp\htdocs\CSNexplore2.0\php\api\add-default-maps.php on line 13
[04-Apr-2026 08:32:00 UTC] PHP Fatal error:  Uncaught Error: Call to undefined method Database::execute() in C:\xampp\htdocs\CSNexplore2.0\php\populate-default-maps.php:18
Stack trace:
#0 {main}
  thrown in C:\xampp\htdocs\CSNexplore2.0\php\populate-default-maps.php on line 18
[04-Apr-2026 09:07:41 UTC] PHP Fatal error:  Uncaught Error: Call to undefined method Database::execute() in C:\xampp\htdocs\CSNexplore2.0\php\api\add-map-embed-to-all-tables.php:20
Stack trace:
#0 {main}
  thrown in C:\xampp\htdocs\CSNexplore2.0\php\api\add-map-embed-to-all-tables.php on line 20
[04-Apr-2026 09:11:45 UTC] PHP Fatal error:  Uncaught Error: Call to undefined method Database::execute() in C:\xampp\htdocs\CSNexplore2.0\php\regenerate-listings.php:27
Stack trace:
#0 {main}
  thrown in C:\xampp\htdocs\CSNexplore2.0\php\regenerate-listings.php on line 27
[04-Apr-2026 09:37:40 UTC] PHP Fatal error:  Uncaught PDOException: SQLSTATE[42S22]: Column not found: 1054 Unknown column 'name' in 'field list' in C:\xampp\htdocs\CSNexplore2.0\php\database.php:260
Stack trace:
#0 C:\xampp\htdocs\CSNexplore2.0\php\database.php(260): PDOStatement->execute()
#1 C:\xampp\htdocs\CSNexplore2.0\php\database.php(265): Database->query()
#2 C:\xampp\htdocs\CSNexplore2.0\regenerate-html-with-maps.php(36): Database->fetchAll()
#3 {main}
  thrown in C:\xampp\htdocs\CSNexplore2.0\php\database.php on line 260
